[0m22:12:15.691319 [debug] [MainThread]: Sending event: {'category': 'dbt', 'action': 'invocation', 'label': 'start', 'context': [<snowplow_tracker.self_describing_json.SelfDescribingJson object at 0x0000029A63D750D0>, <snowplow_tracker.self_describing_json.SelfDescribingJson object at 0x0000029A6504F750>, <snowplow_tracker.self_describing_json.SelfDescribingJson object at 0x0000029A6504FED0>]}


============================== 22:12:15.708400 | ca12c205-93f7-426b-85e2-d108bd67e1cf ==============================
[0m22:12:15.708400 [info ] [MainThread]: Running with dbt=1.11.6
[0m22:12:15.710409 [debug] [MainThread]: running dbt with arguments {'printer_width': '80', 'use_experimental_parser': 'False', 'cache_selected_only': 'False', 'warn_error': 'None', 'empty': 'None', 'debug': 'False', 'static_parser': 'True', 'log_cache_events': 'False', 'profiles_dir': 'C:\\Users\\10731399\\Documents\\getting-started-with-dbt-on-snowflake-main\\tasty_bytes_dbt_demo', 'log_format': 'default', 'quiet': 'False', 'use_colors': 'True', 'partial_parse': 'True', 'version_check': 'True', 'log_path': 'C:\\Users\\10731399\\Documents\\getting-started-with-dbt-on-snowflake-main\\tasty_bytes_dbt_demo\\logs', 'introspect': 'True', 'no_print': 'None', 'fail_fast': 'False', 'warn_error_options': 'WarnErrorOptionsV2(error=[], warn=[], silence=[])', 'invocation_command': 'dbt deps', 'send_anonymous_usage_stats': 'True', 'indirect_selection': 'eager', 'target_path': 'None', 'write_json': 'True'}
[0m22:12:16.097961 [debug] [MainThread]: Sending event: {'category': 'dbt', 'action': 'project_id', 'label': 'ca12c205-93f7-426b-85e2-d108bd67e1cf', 'context': [<snowplow_tracker.self_describing_json.SelfDescribingJson object at 0x0000029A650EBF90>]}
[0m22:12:16.176137 [debug] [MainThread]: Set downloads directory='C:\Users\10731399\AppData\Local\Temp\dbt-downloads-3be0kqni'
[0m22:12:16.176137 [debug] [MainThread]: Making package index registry request: GET https://hub.getdbt.com/api/v1/index.json
[0m22:12:16.358685 [debug] [MainThread]: External call exception: HTTPSConnectionPool(host='hub.getdbt.com', port=443): Max retries exceeded with url: /api/v1/index.json (Caused by SSLError(SSLCertVerificationError(1, '[SSL: CERTIFICATE_VERIFY_FAILED] certificate verify failed: self-signed certificate in certificate chain (_ssl.c:1006)')))
[0m22:12:16.360776 [debug] [MainThread]: Retrying external call. Attempt: 0 Max attempts: 5
[0m22:12:17.363113 [debug] [MainThread]: Making package index registry request: GET https://hub.getdbt.com/api/v1/index.json
[0m22:12:17.437587 [debug] [MainThread]: External call exception: HTTPSConnectionPool(host='hub.getdbt.com', port=443): Max retries exceeded with url: /api/v1/index.json (Caused by SSLError(SSLCertVerificationError(1, '[SSL: CERTIFICATE_VERIFY_FAILED] certificate verify failed: self-signed certificate in certificate chain (_ssl.c:1006)')))
[0m22:12:17.441423 [debug] [MainThread]: Retrying external call. Attempt: 1 Max attempts: 5
[0m22:12:18.443922 [debug] [MainThread]: Making package index registry request: GET https://hub.getdbt.com/api/v1/index.json
[0m22:12:18.536621 [debug] [MainThread]: External call exception: HTTPSConnectionPool(host='hub.getdbt.com', port=443): Max retries exceeded with url: /api/v1/index.json (Caused by SSLError(SSLCertVerificationError(1, '[SSL: CERTIFICATE_VERIFY_FAILED] certificate verify failed: self-signed certificate in certificate chain (_ssl.c:1006)')))
[0m22:12:18.538176 [debug] [MainThread]: Retrying external call. Attempt: 2 Max attempts: 5
[0m22:12:19.540597 [debug] [MainThread]: Making package index registry request: GET https://hub.getdbt.com/api/v1/index.json
[0m22:12:19.645997 [debug] [MainThread]: External call exception: HTTPSConnectionPool(host='hub.getdbt.com', port=443): Max retries exceeded with url: /api/v1/index.json (Caused by SSLError(SSLCertVerificationError(1, '[SSL: CERTIFICATE_VERIFY_FAILED] certificate verify failed: self-signed certificate in certificate chain (_ssl.c:1006)')))
[0m22:12:19.648018 [debug] [MainThread]: Retrying external call. Attempt: 3 Max attempts: 5
[0m22:12:20.651417 [debug] [MainThread]: Making package index registry request: GET https://hub.getdbt.com/api/v1/index.json
[0m22:12:20.743856 [debug] [MainThread]: External call exception: HTTPSConnectionPool(host='hub.getdbt.com', port=443): Max retries exceeded with url: /api/v1/index.json (Caused by SSLError(SSLCertVerificationError(1, '[SSL: CERTIFICATE_VERIFY_FAILED] certificate verify failed: self-signed certificate in certificate chain (_ssl.c:1006)')))
[0m22:12:20.748163 [debug] [MainThread]: Retrying external call. Attempt: 4 Max attempts: 5
[0m22:12:21.751529 [debug] [MainThread]: Making package index registry request: GET https://hub.getdbt.com/api/v1/index.json
[0m22:12:21.840460 [error] [MainThread]: Encountered an error:
External connection exception occurred: HTTPSConnectionPool(host='hub.getdbt.com', port=443): Max retries exceeded with url: /api/v1/index.json (Caused by SSLError(SSLCertVerificationError(1, '[SSL: CERTIFICATE_VERIFY_FAILED] certificate verify failed: self-signed certificate in certificate chain (_ssl.c:1006)')))
[0m22:12:21.887553 [error] [MainThread]: Traceback (most recent call last):
  File "C:\Users\10731399\AppData\Local\Python\pythoncore-3.11-64\Lib\site-packages\urllib3\connectionpool.py", line 464, in _make_request
    self._validate_conn(conn)
  File "C:\Users\10731399\AppData\Local\Python\pythoncore-3.11-64\Lib\site-packages\urllib3\connectionpool.py", line 1093, in _validate_conn
    conn.connect()
  File "C:\Users\10731399\AppData\Local\Python\pythoncore-3.11-64\Lib\site-packages\urllib3\connection.py", line 790, in connect
    sock_and_verified = _ssl_wrap_socket_and_match_hostname(
                        ^^^^^^^^^^^^^^^^^^^^^^^^^^^^^^^^^^^^
  File "C:\Users\10731399\AppData\Local\Python\pythoncore-3.11-64\Lib\site-packages\urllib3\connection.py", line 969, in _ssl_wrap_socket_and_match_hostname
    ssl_sock = ssl_wrap_socket(
               ^^^^^^^^^^^^^^^^
  File "C:\Users\10731399\AppData\Local\Python\pythoncore-3.11-64\Lib\site-packages\urllib3\util\ssl_.py", line 480, in ssl_wrap_socket
    ssl_sock = _ssl_wrap_socket_impl(sock, context, tls_in_tls, server_hostname)
               ^^^^^^^^^^^^^^^^^^^^^^^^^^^^^^^^^^^^^^^^^^^^^^^^^^^^^^^^^^^^^^^^^
  File "C:\Users\10731399\AppData\Local\Python\pythoncore-3.11-64\Lib\site-packages\urllib3\util\ssl_.py", line 524, in _ssl_wrap_socket_impl
    return ssl_context.wrap_socket(sock, server_hostname=server_hostname)
           ^^^^^^^^^^^^^^^^^^^^^^^^^^^^^^^^^^^^^^^^^^^^^^^^^^^^^^^^^^^^^^
  File "C:\Users\10731399\AppData\Local\Python\pythoncore-3.11-64\Lib\ssl.py", line 517, in wrap_socket
    return self.sslsocket_class._create(
           ^^^^^^^^^^^^^^^^^^^^^^^^^^^^^
  File "C:\Users\10731399\AppData\Local\Python\pythoncore-3.11-64\Lib\ssl.py", line 1104, in _create
    self.do_handshake()
  File "C:\Users\10731399\AppData\Local\Python\pythoncore-3.11-64\Lib\ssl.py", line 1382, in do_handshake
    self._sslobj.do_handshake()
ssl.SSLCertVerificationError: [SSL: CERTIFICATE_VERIFY_FAILED] certificate verify failed: self-signed certificate in certificate chain (_ssl.c:1006)

During handling of the above exception, another exception occurred:

Traceback (most recent call last):
  File "C:\Users\10731399\AppData\Local\Python\pythoncore-3.11-64\Lib\site-packages\urllib3\connectionpool.py", line 787, in urlopen
    response = self._make_request(
               ^^^^^^^^^^^^^^^^^^^
  File "C:\Users\10731399\AppData\Local\Python\pythoncore-3.11-64\Lib\site-packages\urllib3\connectionpool.py", line 488, in _make_request
    raise new_e
urllib3.exceptions.SSLError: [SSL: CERTIFICATE_VERIFY_FAILED] certificate verify failed: self-signed certificate in certificate chain (_ssl.c:1006)

The above exception was the direct cause of the following exception:

Traceback (most recent call last):
  File "C:\Users\10731399\AppData\Local\Python\pythoncore-3.11-64\Lib\site-packages\requests\adapters.py", line 667, in send
    resp = conn.urlopen(
           ^^^^^^^^^^^^^
  File "C:\Users\10731399\AppData\Local\Python\pythoncore-3.11-64\Lib\site-packages\urllib3\connectionpool.py", line 841, in urlopen
    retries = retries.increment(
              ^^^^^^^^^^^^^^^^^^
  File "C:\Users\10731399\AppData\Local\Python\pythoncore-3.11-64\Lib\site-packages\urllib3\util\retry.py", line 519, in increment
    raise MaxRetryError(_pool, url, reason) from reason  # type: ignore[arg-type]
    ^^^^^^^^^^^^^^^^^^^^^^^^^^^^^^^^^^^^^^^^^^^^^^^^^^^
urllib3.exceptions.MaxRetryError: HTTPSConnectionPool(host='hub.getdbt.com', port=443): Max retries exceeded with url: /api/v1/index.json (Caused by SSLError(SSLCertVerificationError(1, '[SSL: CERTIFICATE_VERIFY_FAILED] certificate verify failed: self-signed certificate in certificate chain (_ssl.c:1006)')))

During handling of the above exception, another exception occurred:

Traceback (most recent call last):
  File "C:\Users\10731399\AppData\Local\Python\pythoncore-3.11-64\Lib\site-packages\dbt_common\utils\connection.py", line 22, in connection_exception_retry
    return fn()
           ^^^^
  File "C:\Users\10731399\AppData\Local\Python\pythoncore-3.11-64\Lib\site-packages\dbt\clients\registry.py", line 168, in _get_index
    resp = requests.get(url, timeout=30)
           ^^^^^^^^^^^^^^^^^^^^^^^^^^^^^
  File "C:\Users\10731399\AppData\Local\Python\pythoncore-3.11-64\Lib\site-packages\requests\api.py", line 73, in get
    return request("get", url, params=params, **kwargs)
           ^^^^^^^^^^^^^^^^^^^^^^^^^^^^^^^^^^^^^^^^^^^^
  File "C:\Users\10731399\AppData\Local\Python\pythoncore-3.11-64\Lib\site-packages\requests\api.py", line 59, in request
    return session.request(method=method, url=url, **kwargs)
           ^^^^^^^^^^^^^^^^^^^^^^^^^^^^^^^^^^^^^^^^^^^^^^^^^
  File "C:\Users\10731399\AppData\Local\Python\pythoncore-3.11-64\Lib\site-packages\requests\sessions.py", line 589, in request
    resp = self.send(prep, **send_kwargs)
           ^^^^^^^^^^^^^^^^^^^^^^^^^^^^^^
  File "C:\Users\10731399\AppData\Local\Python\pythoncore-3.11-64\Lib\site-packages\requests\sessions.py", line 703, in send
    r = adapter.send(request, **kwargs)
        ^^^^^^^^^^^^^^^^^^^^^^^^^^^^^^^
  File "C:\Users\10731399\AppData\Local\Python\pythoncore-3.11-64\Lib\site-packages\requests\adapters.py", line 698, in send
    raise SSLError(e, request=request)
requests.exceptions.SSLError: HTTPSConnectionPool(host='hub.getdbt.com', port=443): Max retries exceeded with url: /api/v1/index.json (Caused by SSLError(SSLCertVerificationError(1, '[SSL: CERTIFICATE_VERIFY_FAILED] certificate verify failed: self-signed certificate in certificate chain (_ssl.c:1006)')))

During handling of the above exception, another exception occurred:

Traceback (most recent call last):
  File "C:\Users\10731399\AppData\Local\Python\pythoncore-3.11-64\Lib\site-packages\urllib3\connectionpool.py", line 464, in _make_request
    self._validate_conn(conn)
  File "C:\Users\10731399\AppData\Local\Python\pythoncore-3.11-64\Lib\site-packages\urllib3\connectionpool.py", line 1093, in _validate_conn
    conn.connect()
  File "C:\Users\10731399\AppData\Local\Python\pythoncore-3.11-64\Lib\site-packages\urllib3\connection.py", line 790, in connect
    sock_and_verified = _ssl_wrap_socket_and_match_hostname(
                        ^^^^^^^^^^^^^^^^^^^^^^^^^^^^^^^^^^^^
  File "C:\Users\10731399\AppData\Local\Python\pythoncore-3.11-64\Lib\site-packages\urllib3\connection.py", line 969, in _ssl_wrap_socket_and_match_hostname
    ssl_sock = ssl_wrap_socket(
               ^^^^^^^^^^^^^^^^
  File "C:\Users\10731399\AppData\Local\Python\pythoncore-3.11-64\Lib\site-packages\urllib3\util\ssl_.py", line 480, in ssl_wrap_socket
    ssl_sock = _ssl_wrap_socket_impl(sock, context, tls_in_tls, server_hostname)
               ^^^^^^^^^^^^^^^^^^^^^^^^^^^^^^^^^^^^^^^^^^^^^^^^^^^^^^^^^^^^^^^^^
  File "C:\Users\10731399\AppData\Local\Python\pythoncore-3.11-64\Lib\site-packages\urllib3\util\ssl_.py", line 524, in _ssl_wrap_socket_impl
    return ssl_context.wrap_socket(sock, server_hostname=server_hostname)
           ^^^^^^^^^^^^^^^^^^^^^^^^^^^^^^^^^^^^^^^^^^^^^^^^^^^^^^^^^^^^^^
  File "C:\Users\10731399\AppData\Local\Python\pythoncore-3.11-64\Lib\ssl.py", line 517, in wrap_socket
    return self.sslsocket_class._create(
           ^^^^^^^^^^^^^^^^^^^^^^^^^^^^^
  File "C:\Users\10731399\AppData\Local\Python\pythoncore-3.11-64\Lib\ssl.py", line 1104, in _create
    self.do_handshake()
  File "C:\Users\10731399\AppData\Local\Python\pythoncore-3.11-64\Lib\ssl.py", line 1382, in do_handshake
    self._sslobj.do_handshake()
ssl.SSLCertVerificationError: [SSL: CERTIFICATE_VERIFY_FAILED] certificate verify failed: self-signed certificate in certificate chain (_ssl.c:1006)

During handling of the above exception, another exception occurred:

Traceback (most recent call last):
  File "C:\Users\10731399\AppData\Local\Python\pythoncore-3.11-64\Lib\site-packages\urllib3\connectionpool.py", line 787, in urlopen
    response = self._make_request(
               ^^^^^^^^^^^^^^^^^^^
  File "C:\Users\10731399\AppData\Local\Python\pythoncore-3.11-64\Lib\site-packages\urllib3\connectionpool.py", line 488, in _make_request
    raise new_e
urllib3.exceptions.SSLError: [SSL: CERTIFICATE_VERIFY_FAILED] certificate verify failed: self-signed certificate in certificate chain (_ssl.c:1006)

The above exception was the direct cause of the following exception:

Traceback (most recent call last):
  File "C:\Users\10731399\AppData\Local\Python\pythoncore-3.11-64\Lib\site-packages\requests\adapters.py", line 667, in send
    resp = conn.urlopen(
           ^^^^^^^^^^^^^
  File "C:\Users\10731399\AppData\Local\Python\pythoncore-3.11-64\Lib\site-packages\urllib3\connectionpool.py", line 841, in urlopen
    retries = retries.increment(
              ^^^^^^^^^^^^^^^^^^
  File "C:\Users\10731399\AppData\Local\Python\pythoncore-3.11-64\Lib\site-packages\urllib3\util\retry.py", line 519, in increment
    raise MaxRetryError(_pool, url, reason) from reason  # type: ignore[arg-type]
    ^^^^^^^^^^^^^^^^^^^^^^^^^^^^^^^^^^^^^^^^^^^^^^^^^^^
urllib3.exceptions.MaxRetryError: HTTPSConnectionPool(host='hub.getdbt.com', port=443): Max retries exceeded with url: /api/v1/index.json (Caused by SSLError(SSLCertVerificationError(1, '[SSL: CERTIFICATE_VERIFY_FAILED] certificate verify failed: self-signed certificate in certificate chain (_ssl.c:1006)')))

During handling of the above exception, another exception occurred:

Traceback (most recent call last):
  File "C:\Users\10731399\AppData\Local\Python\pythoncore-3.11-64\Lib\site-packages\dbt_common\utils\connection.py", line 22, in connection_exception_retry
    return fn()
           ^^^^
  File "C:\Users\10731399\AppData\Local\Python\pythoncore-3.11-64\Lib\site-packages\dbt\clients\registry.py", line 168, in _get_index
    resp = requests.get(url, timeout=30)
           ^^^^^^^^^^^^^^^^^^^^^^^^^^^^^
  File "C:\Users\10731399\AppData\Local\Python\pythoncore-3.11-64\Lib\site-packages\requests\api.py", line 73, in get
    return request("get", url, params=params, **kwargs)
           ^^^^^^^^^^^^^^^^^^^^^^^^^^^^^^^^^^^^^^^^^^^^
  File "C:\Users\10731399\AppData\Local\Python\pythoncore-3.11-64\Lib\site-packages\requests\api.py", line 59, in request
    return session.request(method=method, url=url, **kwargs)
           ^^^^^^^^^^^^^^^^^^^^^^^^^^^^^^^^^^^^^^^^^^^^^^^^^
  File "C:\Users\10731399\AppData\Local\Python\pythoncore-3.11-64\Lib\site-packages\requests\sessions.py", line 589, in request
    resp = self.send(prep, **send_kwargs)
           ^^^^^^^^^^^^^^^^^^^^^^^^^^^^^^
  File "C:\Users\10731399\AppData\Local\Python\pythoncore-3.11-64\Lib\site-packages\requests\sessions.py", line 703, in send
    r = adapter.send(request, **kwargs)
        ^^^^^^^^^^^^^^^^^^^^^^^^^^^^^^^
  File "C:\Users\10731399\AppData\Local\Python\pythoncore-3.11-64\Lib\site-packages\requests\adapters.py", line 698, in send
    raise SSLError(e, request=request)
requests.exceptions.SSLError: HTTPSConnectionPool(host='hub.getdbt.com', port=443): Max retries exceeded with url: /api/v1/index.json (Caused by SSLError(SSLCertVerificationError(1, '[SSL: CERTIFICATE_VERIFY_FAILED] certificate verify failed: self-signed certificate in certificate chain (_ssl.c:1006)')))

During handling of the above exception, another exception occurred:

Traceback (most recent call last):
  File "C:\Users\10731399\AppData\Local\Python\pythoncore-3.11-64\Lib\site-packages\urllib3\connectionpool.py", line 464, in _make_request
    self._validate_conn(conn)
  File "C:\Users\10731399\AppData\Local\Python\pythoncore-3.11-64\Lib\site-packages\urllib3\connectionpool.py", line 1093, in _validate_conn
    conn.connect()
  File "C:\Users\10731399\AppData\Local\Python\pythoncore-3.11-64\Lib\site-packages\urllib3\connection.py", line 790, in connect
    sock_and_verified = _ssl_wrap_socket_and_match_hostname(
                        ^^^^^^^^^^^^^^^^^^^^^^^^^^^^^^^^^^^^
  File "C:\Users\10731399\AppData\Local\Python\pythoncore-3.11-64\Lib\site-packages\urllib3\connection.py", line 969, in _ssl_wrap_socket_and_match_hostname
    ssl_sock = ssl_wrap_socket(
               ^^^^^^^^^^^^^^^^
  File "C:\Users\10731399\AppData\Local\Python\pythoncore-3.11-64\Lib\site-packages\urllib3\util\ssl_.py", line 480, in ssl_wrap_socket
    ssl_sock = _ssl_wrap_socket_impl(sock, context, tls_in_tls, server_hostname)
               ^^^^^^^^^^^^^^^^^^^^^^^^^^^^^^^^^^^^^^^^^^^^^^^^^^^^^^^^^^^^^^^^^
  File "C:\Users\10731399\AppData\Local\Python\pythoncore-3.11-64\Lib\site-packages\urllib3\util\ssl_.py", line 524, in _ssl_wrap_socket_impl
    return ssl_context.wrap_socket(sock, server_hostname=server_hostname)
           ^^^^^^^^^^^^^^^^^^^^^^^^^^^^^^^^^^^^^^^^^^^^^^^^^^^^^^^^^^^^^^
  File "C:\Users\10731399\AppData\Local\Python\pythoncore-3.11-64\Lib\ssl.py", line 517, in wrap_socket
    return self.sslsocket_class._create(
           ^^^^^^^^^^^^^^^^^^^^^^^^^^^^^
  File "C:\Users\10731399\AppData\Local\Python\pythoncore-3.11-64\Lib\ssl.py", line 1104, in _create
    self.do_handshake()
  File "C:\Users\10731399\AppData\Local\Python\pythoncore-3.11-64\Lib\ssl.py", line 1382, in do_handshake
    self._sslobj.do_handshake()
ssl.SSLCertVerificationError: [SSL: CERTIFICATE_VERIFY_FAILED] certificate verify failed: self-signed certificate in certificate chain (_ssl.c:1006)

During handling of the above exception, another exception occurred:

Traceback (most recent call last):
  File "C:\Users\10731399\AppData\Local\Python\pythoncore-3.11-64\Lib\site-packages\urllib3\connectionpool.py", line 787, in urlopen
    response = self._make_request(
               ^^^^^^^^^^^^^^^^^^^
  File "C:\Users\10731399\AppData\Local\Python\pythoncore-3.11-64\Lib\site-packages\urllib3\connectionpool.py", line 488, in _make_request
    raise new_e
urllib3.exceptions.SSLError: [SSL: CERTIFICATE_VERIFY_FAILED] certificate verify failed: self-signed certificate in certificate chain (_ssl.c:1006)

The above exception was the direct cause of the following exception:

Traceback (most recent call last):
  File "C:\Users\10731399\AppData\Local\Python\pythoncore-3.11-64\Lib\site-packages\requests\adapters.py", line 667, in send
    resp = conn.urlopen(
           ^^^^^^^^^^^^^
  File "C:\Users\10731399\AppData\Local\Python\pythoncore-3.11-64\Lib\site-packages\urllib3\connectionpool.py", line 841, in urlopen
    retries = retries.increment(
              ^^^^^^^^^^^^^^^^^^
  File "C:\Users\10731399\AppData\Local\Python\pythoncore-3.11-64\Lib\site-packages\urllib3\util\retry.py", line 519, in increment
    raise MaxRetryError(_pool, url, reason) from reason  # type: ignore[arg-type]
    ^^^^^^^^^^^^^^^^^^^^^^^^^^^^^^^^^^^^^^^^^^^^^^^^^^^
urllib3.exceptions.MaxRetryError: HTTPSConnectionPool(host='hub.getdbt.com', port=443): Max retries exceeded with url: /api/v1/index.json (Caused by SSLError(SSLCertVerificationError(1, '[SSL: CERTIFICATE_VERIFY_FAILED] certificate verify failed: self-signed certificate in certificate chain (_ssl.c:1006)')))

During handling of the above exception, another exception occurred:

Traceback (most recent call last):
  File "C:\Users\10731399\AppData\Local\Python\pythoncore-3.11-64\Lib\site-packages\dbt_common\utils\connection.py", line 22, in connection_exception_retry
    return fn()
           ^^^^
  File "C:\Users\10731399\AppData\Local\Python\pythoncore-3.11-64\Lib\site-packages\dbt\clients\registry.py", line 168, in _get_index
    resp = requests.get(url, timeout=30)
           ^^^^^^^^^^^^^^^^^^^^^^^^^^^^^
  File "C:\Users\10731399\AppData\Local\Python\pythoncore-3.11-64\Lib\site-packages\requests\api.py", line 73, in get
    return request("get", url, params=params, **kwargs)
           ^^^^^^^^^^^^^^^^^^^^^^^^^^^^^^^^^^^^^^^^^^^^
  File "C:\Users\10731399\AppData\Local\Python\pythoncore-3.11-64\Lib\site-packages\requests\api.py", line 59, in request
    return session.request(method=method, url=url, **kwargs)
           ^^^^^^^^^^^^^^^^^^^^^^^^^^^^^^^^^^^^^^^^^^^^^^^^^
  File "C:\Users\10731399\AppData\Local\Python\pythoncore-3.11-64\Lib\site-packages\requests\sessions.py", line 589, in request
    resp = self.send(prep, **send_kwargs)
           ^^^^^^^^^^^^^^^^^^^^^^^^^^^^^^
  File "C:\Users\10731399\AppData\Local\Python\pythoncore-3.11-64\Lib\site-packages\requests\sessions.py", line 703, in send
    r = adapter.send(request, **kwargs)
        ^^^^^^^^^^^^^^^^^^^^^^^^^^^^^^^
  File "C:\Users\10731399\AppData\Local\Python\pythoncore-3.11-64\Lib\site-packages\requests\adapters.py", line 698, in send
    raise SSLError(e, request=request)
requests.exceptions.SSLError: HTTPSConnectionPool(host='hub.getdbt.com', port=443): Max retries exceeded with url: /api/v1/index.json (Caused by SSLError(SSLCertVerificationError(1, '[SSL: CERTIFICATE_VERIFY_FAILED] certificate verify failed: self-signed certificate in certificate chain (_ssl.c:1006)')))

During handling of the above exception, another exception occurred:

Traceback (most recent call last):
  File "C:\Users\10731399\AppData\Local\Python\pythoncore-3.11-64\Lib\site-packages\urllib3\connectionpool.py", line 464, in _make_request
    self._validate_conn(conn)
  File "C:\Users\10731399\AppData\Local\Python\pythoncore-3.11-64\Lib\site-packages\urllib3\connectionpool.py", line 1093, in _validate_conn
    conn.connect()
  File "C:\Users\10731399\AppData\Local\Python\pythoncore-3.11-64\Lib\site-packages\urllib3\connection.py", line 790, in connect
    sock_and_verified = _ssl_wrap_socket_and_match_hostname(
                        ^^^^^^^^^^^^^^^^^^^^^^^^^^^^^^^^^^^^
  File "C:\Users\10731399\AppData\Local\Python\pythoncore-3.11-64\Lib\site-packages\urllib3\connection.py", line 969, in _ssl_wrap_socket_and_match_hostname
    ssl_sock = ssl_wrap_socket(
               ^^^^^^^^^^^^^^^^
  File "C:\Users\10731399\AppData\Local\Python\pythoncore-3.11-64\Lib\site-packages\urllib3\util\ssl_.py", line 480, in ssl_wrap_socket
    ssl_sock = _ssl_wrap_socket_impl(sock, context, tls_in_tls, server_hostname)
               ^^^^^^^^^^^^^^^^^^^^^^^^^^^^^^^^^^^^^^^^^^^^^^^^^^^^^^^^^^^^^^^^^
  File "C:\Users\10731399\AppData\Local\Python\pythoncore-3.11-64\Lib\site-packages\urllib3\util\ssl_.py", line 524, in _ssl_wrap_socket_impl
    return ssl_context.wrap_socket(sock, server_hostname=server_hostname)
           ^^^^^^^^^^^^^^^^^^^^^^^^^^^^^^^^^^^^^^^^^^^^^^^^^^^^^^^^^^^^^^
  File "C:\Users\10731399\AppData\Local\Python\pythoncore-3.11-64\Lib\ssl.py", line 517, in wrap_socket
    return self.sslsocket_class._create(
           ^^^^^^^^^^^^^^^^^^^^^^^^^^^^^
  File "C:\Users\10731399\AppData\Local\Python\pythoncore-3.11-64\Lib\ssl.py", line 1104, in _create
    self.do_handshake()
  File "C:\Users\10731399\AppData\Local\Python\pythoncore-3.11-64\Lib\ssl.py", line 1382, in do_handshake
    self._sslobj.do_handshake()
ssl.SSLCertVerificationError: [SSL: CERTIFICATE_VERIFY_FAILED] certificate verify failed: self-signed certificate in certificate chain (_ssl.c:1006)

During handling of the above exception, another exception occurred:

Traceback (most recent call last):
  File "C:\Users\10731399\AppData\Local\Python\pythoncore-3.11-64\Lib\site-packages\urllib3\connectionpool.py", line 787, in urlopen
    response = self._make_request(
               ^^^^^^^^^^^^^^^^^^^
  File "C:\Users\10731399\AppData\Local\Python\pythoncore-3.11-64\Lib\site-packages\urllib3\connectionpool.py", line 488, in _make_request
    raise new_e
urllib3.exceptions.SSLError: [SSL: CERTIFICATE_VERIFY_FAILED] certificate verify failed: self-signed certificate in certificate chain (_ssl.c:1006)

The above exception was the direct cause of the following exception:

Traceback (most recent call last):
  File "C:\Users\10731399\AppData\Local\Python\pythoncore-3.11-64\Lib\site-packages\requests\adapters.py", line 667, in send
    resp = conn.urlopen(
           ^^^^^^^^^^^^^
  File "C:\Users\10731399\AppData\Local\Python\pythoncore-3.11-64\Lib\site-packages\urllib3\connectionpool.py", line 841, in urlopen
    retries = retries.increment(
              ^^^^^^^^^^^^^^^^^^
  File "C:\Users\10731399\AppData\Local\Python\pythoncore-3.11-64\Lib\site-packages\urllib3\util\retry.py", line 519, in increment
    raise MaxRetryError(_pool, url, reason) from reason  # type: ignore[arg-type]
    ^^^^^^^^^^^^^^^^^^^^^^^^^^^^^^^^^^^^^^^^^^^^^^^^^^^
urllib3.exceptions.MaxRetryError: HTTPSConnectionPool(host='hub.getdbt.com', port=443): Max retries exceeded with url: /api/v1/index.json (Caused by SSLError(SSLCertVerificationError(1, '[SSL: CERTIFICATE_VERIFY_FAILED] certificate verify failed: self-signed certificate in certificate chain (_ssl.c:1006)')))

During handling of the above exception, another exception occurred:

Traceback (most recent call last):
  File "C:\Users\10731399\AppData\Local\Python\pythoncore-3.11-64\Lib\site-packages\dbt_common\utils\connection.py", line 22, in connection_exception_retry
    return fn()
           ^^^^
  File "C:\Users\10731399\AppData\Local\Python\pythoncore-3.11-64\Lib\site-packages\dbt\clients\registry.py", line 168, in _get_index
    resp = requests.get(url, timeout=30)
           ^^^^^^^^^^^^^^^^^^^^^^^^^^^^^
  File "C:\Users\10731399\AppData\Local\Python\pythoncore-3.11-64\Lib\site-packages\requests\api.py", line 73, in get
    return request("get", url, params=params, **kwargs)
           ^^^^^^^^^^^^^^^^^^^^^^^^^^^^^^^^^^^^^^^^^^^^
  File "C:\Users\10731399\AppData\Local\Python\pythoncore-3.11-64\Lib\site-packages\requests\api.py", line 59, in request
    return session.request(method=method, url=url, **kwargs)
           ^^^^^^^^^^^^^^^^^^^^^^^^^^^^^^^^^^^^^^^^^^^^^^^^^
  File "C:\Users\10731399\AppData\Local\Python\pythoncore-3.11-64\Lib\site-packages\requests\sessions.py", line 589, in request
    resp = self.send(prep, **send_kwargs)
           ^^^^^^^^^^^^^^^^^^^^^^^^^^^^^^
  File "C:\Users\10731399\AppData\Local\Python\pythoncore-3.11-64\Lib\site-packages\requests\sessions.py", line 703, in send
    r = adapter.send(request, **kwargs)
        ^^^^^^^^^^^^^^^^^^^^^^^^^^^^^^^
  File "C:\Users\10731399\AppData\Local\Python\pythoncore-3.11-64\Lib\site-packages\requests\adapters.py", line 698, in send
    raise SSLError(e, request=request)
requests.exceptions.SSLError: HTTPSConnectionPool(host='hub.getdbt.com', port=443): Max retries exceeded with url: /api/v1/index.json (Caused by SSLError(SSLCertVerificationError(1, '[SSL: CERTIFICATE_VERIFY_FAILED] certificate verify failed: self-signed certificate in certificate chain (_ssl.c:1006)')))

During handling of the above exception, another exception occurred:

Traceback (most recent call last):
  File "C:\Users\10731399\AppData\Local\Python\pythoncore-3.11-64\Lib\site-packages\urllib3\connectionpool.py", line 464, in _make_request
    self._validate_conn(conn)
  File "C:\Users\10731399\AppData\Local\Python\pythoncore-3.11-64\Lib\site-packages\urllib3\connectionpool.py", line 1093, in _validate_conn
    conn.connect()
  File "C:\Users\10731399\AppData\Local\Python\pythoncore-3.11-64\Lib\site-packages\urllib3\connection.py", line 790, in connect
    sock_and_verified = _ssl_wrap_socket_and_match_hostname(
                        ^^^^^^^^^^^^^^^^^^^^^^^^^^^^^^^^^^^^
  File "C:\Users\10731399\AppData\Local\Python\pythoncore-3.11-64\Lib\site-packages\urllib3\connection.py", line 969, in _ssl_wrap_socket_and_match_hostname
    ssl_sock = ssl_wrap_socket(
               ^^^^^^^^^^^^^^^^
  File "C:\Users\10731399\AppData\Local\Python\pythoncore-3.11-64\Lib\site-packages\urllib3\util\ssl_.py", line 480, in ssl_wrap_socket
    ssl_sock = _ssl_wrap_socket_impl(sock, context, tls_in_tls, server_hostname)
               ^^^^^^^^^^^^^^^^^^^^^^^^^^^^^^^^^^^^^^^^^^^^^^^^^^^^^^^^^^^^^^^^^
  File "C:\Users\10731399\AppData\Local\Python\pythoncore-3.11-64\Lib\site-packages\urllib3\util\ssl_.py", line 524, in _ssl_wrap_socket_impl
    return ssl_context.wrap_socket(sock, server_hostname=server_hostname)
           ^^^^^^^^^^^^^^^^^^^^^^^^^^^^^^^^^^^^^^^^^^^^^^^^^^^^^^^^^^^^^^
  File "C:\Users\10731399\AppData\Local\Python\pythoncore-3.11-64\Lib\ssl.py", line 517, in wrap_socket
    return self.sslsocket_class._create(
           ^^^^^^^^^^^^^^^^^^^^^^^^^^^^^
  File "C:\Users\10731399\AppData\Local\Python\pythoncore-3.11-64\Lib\ssl.py", line 1104, in _create
    self.do_handshake()
  File "C:\Users\10731399\AppData\Local\Python\pythoncore-3.11-64\Lib\ssl.py", line 1382, in do_handshake
    self._sslobj.do_handshake()
ssl.SSLCertVerificationError: [SSL: CERTIFICATE_VERIFY_FAILED] certificate verify failed: self-signed certificate in certificate chain (_ssl.c:1006)

During handling of the above exception, another exception occurred:

Traceback (most recent call last):
  File "C:\Users\10731399\AppData\Local\Python\pythoncore-3.11-64\Lib\site-packages\urllib3\connectionpool.py", line 787, in urlopen
    response = self._make_request(
               ^^^^^^^^^^^^^^^^^^^
  File "C:\Users\10731399\AppData\Local\Python\pythoncore-3.11-64\Lib\site-packages\urllib3\connectionpool.py", line 488, in _make_request
    raise new_e
urllib3.exceptions.SSLError: [SSL: CERTIFICATE_VERIFY_FAILED] certificate verify failed: self-signed certificate in certificate chain (_ssl.c:1006)

The above exception was the direct cause of the following exception:

Traceback (most recent call last):
  File "C:\Users\10731399\AppData\Local\Python\pythoncore-3.11-64\Lib\site-packages\requests\adapters.py", line 667, in send
    resp = conn.urlopen(
           ^^^^^^^^^^^^^
  File "C:\Users\10731399\AppData\Local\Python\pythoncore-3.11-64\Lib\site-packages\urllib3\connectionpool.py", line 841, in urlopen
    retries = retries.increment(
              ^^^^^^^^^^^^^^^^^^
  File "C:\Users\10731399\AppData\Local\Python\pythoncore-3.11-64\Lib\site-packages\urllib3\util\retry.py", line 519, in increment
    raise MaxRetryError(_pool, url, reason) from reason  # type: ignore[arg-type]
    ^^^^^^^^^^^^^^^^^^^^^^^^^^^^^^^^^^^^^^^^^^^^^^^^^^^
urllib3.exceptions.MaxRetryError: HTTPSConnectionPool(host='hub.getdbt.com', port=443): Max retries exceeded with url: /api/v1/index.json (Caused by SSLError(SSLCertVerificationError(1, '[SSL: CERTIFICATE_VERIFY_FAILED] certificate verify failed: self-signed certificate in certificate chain (_ssl.c:1006)')))

During handling of the above exception, another exception occurred:

Traceback (most recent call last):
  File "C:\Users\10731399\AppData\Local\Python\pythoncore-3.11-64\Lib\site-packages\dbt_common\utils\connection.py", line 22, in connection_exception_retry
    return fn()
           ^^^^
  File "C:\Users\10731399\AppData\Local\Python\pythoncore-3.11-64\Lib\site-packages\dbt\clients\registry.py", line 168, in _get_index
    resp = requests.get(url, timeout=30)
           ^^^^^^^^^^^^^^^^^^^^^^^^^^^^^
  File "C:\Users\10731399\AppData\Local\Python\pythoncore-3.11-64\Lib\site-packages\requests\api.py", line 73, in get
    return request("get", url, params=params, **kwargs)
           ^^^^^^^^^^^^^^^^^^^^^^^^^^^^^^^^^^^^^^^^^^^^
  File "C:\Users\10731399\AppData\Local\Python\pythoncore-3.11-64\Lib\site-packages\requests\api.py", line 59, in request
    return session.request(method=method, url=url, **kwargs)
           ^^^^^^^^^^^^^^^^^^^^^^^^^^^^^^^^^^^^^^^^^^^^^^^^^
  File "C:\Users\10731399\AppData\Local\Python\pythoncore-3.11-64\Lib\site-packages\requests\sessions.py", line 589, in request
    resp = self.send(prep, **send_kwargs)
           ^^^^^^^^^^^^^^^^^^^^^^^^^^^^^^
  File "C:\Users\10731399\AppData\Local\Python\pythoncore-3.11-64\Lib\site-packages\requests\sessions.py", line 703, in send
    r = adapter.send(request, **kwargs)
        ^^^^^^^^^^^^^^^^^^^^^^^^^^^^^^^
  File "C:\Users\10731399\AppData\Local\Python\pythoncore-3.11-64\Lib\site-packages\requests\adapters.py", line 698, in send
    raise SSLError(e, request=request)
requests.exceptions.SSLError: HTTPSConnectionPool(host='hub.getdbt.com', port=443): Max retries exceeded with url: /api/v1/index.json (Caused by SSLError(SSLCertVerificationError(1, '[SSL: CERTIFICATE_VERIFY_FAILED] certificate verify failed: self-signed certificate in certificate chain (_ssl.c:1006)')))

During handling of the above exception, another exception occurred:

Traceback (most recent call last):
  File "C:\Users\10731399\AppData\Local\Python\pythoncore-3.11-64\Lib\site-packages\urllib3\connectionpool.py", line 464, in _make_request
    self._validate_conn(conn)
  File "C:\Users\10731399\AppData\Local\Python\pythoncore-3.11-64\Lib\site-packages\urllib3\connectionpool.py", line 1093, in _validate_conn
    conn.connect()
  File "C:\Users\10731399\AppData\Local\Python\pythoncore-3.11-64\Lib\site-packages\urllib3\connection.py", line 790, in connect
    sock_and_verified = _ssl_wrap_socket_and_match_hostname(
                        ^^^^^^^^^^^^^^^^^^^^^^^^^^^^^^^^^^^^
  File "C:\Users\10731399\AppData\Local\Python\pythoncore-3.11-64\Lib\site-packages\urllib3\connection.py", line 969, in _ssl_wrap_socket_and_match_hostname
    ssl_sock = ssl_wrap_socket(
               ^^^^^^^^^^^^^^^^
  File "C:\Users\10731399\AppData\Local\Python\pythoncore-3.11-64\Lib\site-packages\urllib3\util\ssl_.py", line 480, in ssl_wrap_socket
    ssl_sock = _ssl_wrap_socket_impl(sock, context, tls_in_tls, server_hostname)
               ^^^^^^^^^^^^^^^^^^^^^^^^^^^^^^^^^^^^^^^^^^^^^^^^^^^^^^^^^^^^^^^^^
  File "C:\Users\10731399\AppData\Local\Python\pythoncore-3.11-64\Lib\site-packages\urllib3\util\ssl_.py", line 524, in _ssl_wrap_socket_impl
    return ssl_context.wrap_socket(sock, server_hostname=server_hostname)
           ^^^^^^^^^^^^^^^^^^^^^^^^^^^^^^^^^^^^^^^^^^^^^^^^^^^^^^^^^^^^^^
  File "C:\Users\10731399\AppData\Local\Python\pythoncore-3.11-64\Lib\ssl.py", line 517, in wrap_socket
    return self.sslsocket_class._create(
           ^^^^^^^^^^^^^^^^^^^^^^^^^^^^^
  File "C:\Users\10731399\AppData\Local\Python\pythoncore-3.11-64\Lib\ssl.py", line 1104, in _create
    self.do_handshake()
  File "C:\Users\10731399\AppData\Local\Python\pythoncore-3.11-64\Lib\ssl.py", line 1382, in do_handshake
    self._sslobj.do_handshake()
ssl.SSLCertVerificationError: [SSL: CERTIFICATE_VERIFY_FAILED] certificate verify failed: self-signed certificate in certificate chain (_ssl.c:1006)

During handling of the above exception, another exception occurred:

Traceback (most recent call last):
  File "C:\Users\10731399\AppData\Local\Python\pythoncore-3.11-64\Lib\site-packages\urllib3\connectionpool.py", line 787, in urlopen
    response = self._make_request(
               ^^^^^^^^^^^^^^^^^^^
  File "C:\Users\10731399\AppData\Local\Python\pythoncore-3.11-64\Lib\site-packages\urllib3\connectionpool.py", line 488, in _make_request
    raise new_e
urllib3.exceptions.SSLError: [SSL: CERTIFICATE_VERIFY_FAILED] certificate verify failed: self-signed certificate in certificate chain (_ssl.c:1006)

The above exception was the direct cause of the following exception:

Traceback (most recent call last):
  File "C:\Users\10731399\AppData\Local\Python\pythoncore-3.11-64\Lib\site-packages\requests\adapters.py", line 667, in send
    resp = conn.urlopen(
           ^^^^^^^^^^^^^
  File "C:\Users\10731399\AppData\Local\Python\pythoncore-3.11-64\Lib\site-packages\urllib3\connectionpool.py", line 841, in urlopen
    retries = retries.increment(
              ^^^^^^^^^^^^^^^^^^
  File "C:\Users\10731399\AppData\Local\Python\pythoncore-3.11-64\Lib\site-packages\urllib3\util\retry.py", line 519, in increment
    raise MaxRetryError(_pool, url, reason) from reason  # type: ignore[arg-type]
    ^^^^^^^^^^^^^^^^^^^^^^^^^^^^^^^^^^^^^^^^^^^^^^^^^^^
urllib3.exceptions.MaxRetryError: HTTPSConnectionPool(host='hub.getdbt.com', port=443): Max retries exceeded with url: /api/v1/index.json (Caused by SSLError(SSLCertVerificationError(1, '[SSL: CERTIFICATE_VERIFY_FAILED] certificate verify failed: self-signed certificate in certificate chain (_ssl.c:1006)')))

During handling of the above exception, another exception occurred:

Traceback (most recent call last):
  File "C:\Users\10731399\AppData\Local\Python\pythoncore-3.11-64\Lib\site-packages\dbt_common\utils\connection.py", line 22, in connection_exception_retry
    return fn()
           ^^^^
  File "C:\Users\10731399\AppData\Local\Python\pythoncore-3.11-64\Lib\site-packages\dbt\clients\registry.py", line 168, in _get_index
    resp = requests.get(url, timeout=30)
           ^^^^^^^^^^^^^^^^^^^^^^^^^^^^^
  File "C:\Users\10731399\AppData\Local\Python\pythoncore-3.11-64\Lib\site-packages\requests\api.py", line 73, in get
    return request("get", url, params=params, **kwargs)
           ^^^^^^^^^^^^^^^^^^^^^^^^^^^^^^^^^^^^^^^^^^^^
  File "C:\Users\10731399\AppData\Local\Python\pythoncore-3.11-64\Lib\site-packages\requests\api.py", line 59, in request
    return session.request(method=method, url=url, **kwargs)
           ^^^^^^^^^^^^^^^^^^^^^^^^^^^^^^^^^^^^^^^^^^^^^^^^^
  File "C:\Users\10731399\AppData\Local\Python\pythoncore-3.11-64\Lib\site-packages\requests\sessions.py", line 589, in request
    resp = self.send(prep, **send_kwargs)
           ^^^^^^^^^^^^^^^^^^^^^^^^^^^^^^
  File "C:\Users\10731399\AppData\Local\Python\pythoncore-3.11-64\Lib\site-packages\requests\sessions.py", line 703, in send
    r = adapter.send(request, **kwargs)
        ^^^^^^^^^^^^^^^^^^^^^^^^^^^^^^^
  File "C:\Users\10731399\AppData\Local\Python\pythoncore-3.11-64\Lib\site-packages\requests\adapters.py", line 698, in send
    raise SSLError(e, request=request)
requests.exceptions.SSLError: HTTPSConnectionPool(host='hub.getdbt.com', port=443): Max retries exceeded with url: /api/v1/index.json (Caused by SSLError(SSLCertVerificationError(1, '[SSL: CERTIFICATE_VERIFY_FAILED] certificate verify failed: self-signed certificate in certificate chain (_ssl.c:1006)')))

During handling of the above exception, another exception occurred:

Traceback (most recent call last):
  File "C:\Users\10731399\AppData\Local\Python\pythoncore-3.11-64\Lib\site-packages\dbt\cli\requires.py", line 182, in wrapper
    result, success = func(*args, **kwargs)
                      ^^^^^^^^^^^^^^^^^^^^^
  File "C:\Users\10731399\AppData\Local\Python\pythoncore-3.11-64\Lib\site-packages\dbt\cli\requires.py", line 128, in wrapper
    return func(*args, **kwargs)
           ^^^^^^^^^^^^^^^^^^^^^
  File "C:\Users\10731399\AppData\Local\Python\pythoncore-3.11-64\Lib\site-packages\dbt\cli\requires.py", line 258, in wrapper
    return func(*args, **kwargs)
           ^^^^^^^^^^^^^^^^^^^^^
  File "C:\Users\10731399\AppData\Local\Python\pythoncore-3.11-64\Lib\site-packages\dbt\cli\requires.py", line 321, in wrapper
    return func(*args, **kwargs)
           ^^^^^^^^^^^^^^^^^^^^^
  File "C:\Users\10731399\AppData\Local\Python\pythoncore-3.11-64\Lib\site-packages\dbt\cli\main.py", line 461, in deps
    results = task.run()
              ^^^^^^^^^^
  File "C:\Users\10731399\AppData\Local\Python\pythoncore-3.11-64\Lib\site-packages\dbt\task\deps.py", line 289, in run
    self.lock()
  File "C:\Users\10731399\AppData\Local\Python\pythoncore-3.11-64\Lib\site-packages\dbt\task\deps.py", line 261, in lock
    resolved_deps = resolve_packages(packages, self.project, self.cli_vars)
                    ^^^^^^^^^^^^^^^^^^^^^^^^^^^^^^^^^^^^^^^^^^^^^^^^^^^^^^^
  File "C:\Users\10731399\AppData\Local\Python\pythoncore-3.11-64\Lib\site-packages\dbt\deps\resolver.py", line 131, in resolve_packages
    target = final[package].resolved().fetch_metadata(project, renderer)
             ^^^^^^^^^^^^^^^^^^^^^^^^^
  File "C:\Users\10731399\AppData\Local\Python\pythoncore-3.11-64\Lib\site-packages\dbt\deps\registry.py", line 98, in resolved
    self._check_in_index()
  File "C:\Users\10731399\AppData\Local\Python\pythoncore-3.11-64\Lib\site-packages\dbt\deps\registry.py", line 75, in _check_in_index
    index = registry.index_cached()
            ^^^^^^^^^^^^^^^^^^^^^^^
  File "C:\Users\10731399\AppData\Local\Python\pythoncore-3.11-64\Lib\site-packages\dbt\utils\utils.py", line 127, in __call__
    value = self.func(*args)
            ^^^^^^^^^^^^^^^^
  File "C:\Users\10731399\AppData\Local\Python\pythoncore-3.11-64\Lib\site-packages\dbt\clients\registry.py", line 189, in index
    return connection_exception_retry(get_index_fn, 5)
           ^^^^^^^^^^^^^^^^^^^^^^^^^^^^^^^^^^^^^^^^^^^
  File "C:\Users\10731399\AppData\Local\Python\pythoncore-3.11-64\Lib\site-packages\dbt_common\utils\connection.py", line 36, in connection_exception_retry
    return connection_exception_retry(fn, max_attempts, attempt + 1)
           ^^^^^^^^^^^^^^^^^^^^^^^^^^^^^^^^^^^^^^^^^^^^^^^^^^^^^^^^^
  File "C:\Users\10731399\AppData\Local\Python\pythoncore-3.11-64\Lib\site-packages\dbt_common\utils\connection.py", line 36, in connection_exception_retry
    return connection_exception_retry(fn, max_attempts, attempt + 1)
           ^^^^^^^^^^^^^^^^^^^^^^^^^^^^^^^^^^^^^^^^^^^^^^^^^^^^^^^^^
  File "C:\Users\10731399\AppData\Local\Python\pythoncore-3.11-64\Lib\site-packages\dbt_common\utils\connection.py", line 36, in connection_exception_retry
    return connection_exception_retry(fn, max_attempts, attempt + 1)
           ^^^^^^^^^^^^^^^^^^^^^^^^^^^^^^^^^^^^^^^^^^^^^^^^^^^^^^^^^
  [Previous line repeated 2 more times]
  File "C:\Users\10731399\AppData\Local\Python\pythoncore-3.11-64\Lib\site-packages\dbt_common\utils\connection.py", line 38, in connection_exception_retry
    raise ConnectionError("External connection exception occurred: " + str(exc))
dbt_common.exceptions.connection.ConnectionError: External connection exception occurred: HTTPSConnectionPool(host='hub.getdbt.com', port=443): Max retries exceeded with url: /api/v1/index.json (Caused by SSLError(SSLCertVerificationError(1, '[SSL: CERTIFICATE_VERIFY_FAILED] certificate verify failed: self-signed certificate in certificate chain (_ssl.c:1006)')))

[0m22:12:21.892219 [debug] [MainThread]: Command `dbt deps` failed at 22:12:21.891575 after 6.34 seconds
[0m22:12:21.892219 [debug] [MainThread]: Sending event: {'category': 'dbt', 'action': 'invocation', 'label': 'end', 'context': [<snowplow_tracker.self_describing_json.SelfDescribingJson object at 0x0000029A650564D0>, <snowplow_tracker.self_describing_json.SelfDescribingJson object at 0x0000029A65055F10>, <snowplow_tracker.self_describing_json.SelfDescribingJson object at 0x0000029A65151FD0>]}
[0m22:12:21.892219 [debug] [MainThread]: Flushing usage events
[0m22:12:22.412351 [debug] [MainThread]: An error was encountered while trying to flush usage events
[0m22:13:49.852655 [debug] [MainThread]: Sending event: {'category': 'dbt', 'action': 'invocation', 'label': 'start', 'context': [<snowplow_tracker.self_describing_json.SelfDescribingJson object at 0x0000013A85F0E990>, <snowplow_tracker.self_describing_json.SelfDescribingJson object at 0x0000013A85F0E450>, <snowplow_tracker.self_describing_json.SelfDescribingJson object at 0x0000013A85F0E390>]}


============================== 22:13:49.857431 | 91bfb944-3f12-4d28-8873-23d5ddee1cdc ==============================
[0m22:13:49.857431 [info ] [MainThread]: Running with dbt=1.11.6
[0m22:13:49.857431 [debug] [MainThread]: running dbt with arguments {'printer_width': '80', 'target_path': 'None', 'cache_selected_only': 'False', 'warn_error': 'None', 'empty': 'None', 'debug': 'False', 'static_parser': 'True', 'log_cache_events': 'False', 'profiles_dir': 'C:\\Users\\10731399\\Documents\\getting-started-with-dbt-on-snowflake-main\\tasty_bytes_dbt_demo', 'quiet': 'False', 'log_format': 'default', 'use_colors': 'True', 'partial_parse': 'True', 'version_check': 'True', 'log_path': 'C:\\Users\\10731399\\Documents\\getting-started-with-dbt-on-snowflake-main\\tasty_bytes_dbt_demo\\logs', 'introspect': 'True', 'invocation_command': 'dbt deps', 'fail_fast': 'False', 'no_print': 'None', 'warn_error_options': 'WarnErrorOptionsV2(error=[], warn=[], silence=[])', 'send_anonymous_usage_stats': 'True', 'indirect_selection': 'eager', 'write_json': 'True', 'use_experimental_parser': 'False'}
[0m22:13:50.111679 [debug] [MainThread]: Sending event: {'category': 'dbt', 'action': 'project_id', 'label': '91bfb944-3f12-4d28-8873-23d5ddee1cdc', 'context': [<snowplow_tracker.self_describing_json.SelfDescribingJson object at 0x0000013A8600E8D0>]}
[0m22:13:50.144957 [debug] [MainThread]: Set downloads directory='C:\Users\10731399\AppData\Local\Temp\dbt-downloads-rttt5jcd'
[0m22:13:50.145978 [debug] [MainThread]: Making package index registry request: GET https://hub.getdbt.com/api/v1/index.json
[0m22:13:50.621080 [debug] [MainThread]: Response from registry index: GET https://hub.getdbt.com/api/v1/index.json 200
[0m22:13:50.623159 [debug] [MainThread]: Making package registry request: GET https://hub.getdbt.com/api/v1/dbt-labs/dbt_utils.json
[0m22:13:50.921759 [debug] [MainThread]: Response from registry: GET https://hub.getdbt.com/api/v1/dbt-labs/dbt_utils.json 200
[0m22:13:50.944696 [debug] [MainThread]: Making package registry request: GET https://hub.getdbt.com/api/v1/Snowflake-Labs/dbt_semantic_view.json
[0m22:13:51.447960 [debug] [MainThread]: Response from registry: GET https://hub.getdbt.com/api/v1/Snowflake-Labs/dbt_semantic_view.json 200
[0m22:13:51.463073 [info ] [MainThread]: Updating lock file in file path: C:\Users\10731399\Documents\getting-started-with-dbt-on-snowflake-main\tasty_bytes_dbt_demo/package-lock.yml
[0m22:13:51.463073 [debug] [MainThread]: Set downloads directory='C:\Users\10731399\AppData\Local\Temp\dbt-downloads-x21p4cj0'
[0m22:13:51.480288 [info ] [MainThread]: Installing dbt-labs/dbt_utils
[0m22:13:52.712801 [info ] [MainThread]: Installed from version 1.3.0
[0m22:13:52.716483 [info ] [MainThread]: Updated version available: 1.4.1
[0m22:13:52.729957 [debug] [MainThread]: Sending event: {'category': 'dbt', 'action': 'package', 'label': '91bfb944-3f12-4d28-8873-23d5ddee1cdc', 'property_': 'install', 'context': [<snowplow_tracker.self_describing_json.SelfDescribingJson object at 0x0000013A84C95010>, <snowplow_tracker.self_describing_json.SelfDescribingJson object at 0x0000013A86172A90>]}
[0m22:13:52.731960 [info ] [MainThread]: Installing Snowflake-Labs/dbt_semantic_view
[0m22:13:53.508017 [info ] [MainThread]: Installed from version 1.0.3
[0m22:13:53.509162 [info ] [MainThread]: Updated version available: 1.0.5
[0m22:13:53.509162 [debug] [MainThread]: Sending event: {'category': 'dbt', 'action': 'package', 'label': '91bfb944-3f12-4d28-8873-23d5ddee1cdc', 'property_': 'install', 'context': [<snowplow_tracker.self_describing_json.SelfDescribingJson object at 0x0000013A86033410>, <snowplow_tracker.self_describing_json.SelfDescribingJson object at 0x0000013A860735D0>]}
[0m22:13:53.509162 [info ] [MainThread]: 
[0m22:13:53.509162 [info ] [MainThread]: Updates available for packages: ['dbt-labs/dbt_utils', 'Snowflake-Labs/dbt_semantic_view']                 
Update your versions in packages.yml, then run dbt deps
[0m22:13:53.514023 [debug] [MainThread]: Command `dbt deps` succeeded at 22:13:53.514023 after 3.83 seconds
[0m22:13:53.514023 [debug] [MainThread]: Sending event: {'category': 'dbt', 'action': 'invocation', 'label': 'end', 'context': [<snowplow_tracker.self_describing_json.SelfDescribingJson object at 0x0000013AFD45B450>, <snowplow_tracker.self_describing_json.SelfDescribingJson object at 0x0000013AFD45B5D0>, <snowplow_tracker.self_describing_json.SelfDescribingJson object at 0x0000013AFD45B990>]}
[0m22:13:53.515379 [debug] [MainThread]: Flushing usage events
[0m22:13:53.772483 [debug] [MainThread]: An error was encountered while trying to flush usage events
